runnersHigh-master/app/build/outputs/logs/manifest-merger-debug-report.txt
-- Merging decision tree log ---
manifest
ADDED from src\main\AndroidManifest.xml:1:1-41:12
INJECTED from src\main\AndroidManifest.xml:1:1-41:12
INJECTED from src\main\AndroidManifest.xml:1:1-41:12
INJECTED from src\main\AndroidManifest.xml:1:1-41:12
INJECTED from src\main\AndroidManifest.xml:1:1-41:12
INJECTED from src\main\AndroidManifest.xml:1:1-41:12
INJECTED from src\main\AndroidManifest.xml:1:1-41:12
	package
		ADDED from src\main\AndroidManifest.xml:2:7-51
		INJECTED from src\main\AndroidManifest.xml
		INJECTED from src\main\AndroidManifest.xml
	android:versionName
		ADDED from src\main\AndroidManifest.xml:4:7-33
		INJECTED from src\main\AndroidManifest.xml
		INJECTED from src\main\AndroidManifest.xml
	xmlns:android
		ADDED from src\main\AndroidManifest.xml:1:11-69
	android:versionCode
		ADDED from src\main\AndroidManifest.xml:3:7-32
		INJECTED from src\main\AndroidManifest.xml
		INJECTED from src\main\AndroidManifest.xml
	android:installLocation
		ADDED from src\main\AndroidManifest.xml:5:7-47
supports-screens
ADDED from src\main\AndroidManifest.xml:6:7-11:11
	android:largeScreens
		ADDED from src\main\AndroidManifest.xml:9:9-36
	android:smallScreens
		ADDED from src\main\AndroidManifest.xml:7:9-36
	android:normalScreens
		ADDED from src\main\AndroidManifest.xml:8:9-37
	android:anyDensity
		ADDED from src\main\AndroidManifest.xml:10:9-34
application
ADDED from src\main\AndroidManifest.xml:12:5-36:19
	android:label
		ADDED from src\main\AndroidManifest.xml:12:48-80
	android:debuggable
		ADDED from src\main\AndroidManifest.xml:12:81-107
	android:icon
		ADDED from src\main\AndroidManifest.xml:12:18-47
activity#com.alarmclocksnoozers.runnershigh.main
ADDED from src\main\AndroidManifest.xml:13:9-17:20
	android:screenOrientation
		ADDED from src\main\AndroidManifest.xml:15:19-56
	android:label
		ADDED from src\main\AndroidManifest.xml:14:19-51
	android:theme
		ADDED from src\main\AndroidManifest.xml:16:7-65
	android:name
		ADDED from src\main\AndroidManifest.xml:13:19-39
activity#com.alarmclocksnoozers.runnershigh.HighScoreActivity
ADDED from src\main\AndroidManifest.xml:19:3-21:67
	android:screenOrientation
		ADDED from src\main\AndroidManifest.xml:20:7-44
	android:theme
		ADDED from src\main\AndroidManifest.xml:21:7-65
	android:name
		ADDED from src\main\AndroidManifest.xml:19:13-46
activity#com.alarmclocksnoozers.runnershigh.Menu
ADDED from src\main\AndroidManifest.xml:22:3-29:20
	android:screenOrientation
		ADDED from src\main\AndroidManifest.xml:23:7-44
	android:theme
		ADDED from src\main\AndroidManifest.xml:24:7-65
	android:name
		ADDED from src\main\AndroidManifest.xml:22:13-33
intent-filter#action:name:android.intent.action.MAIN+category:name:android.intent.category.LAUNCHER
ADDED from src\main\AndroidManifest.xml:25:7-28:29
action#android.intent.action.MAIN
ADDED from src\main\AndroidManifest.xml:26:17-69
	android:name
		ADDED from src\main\AndroidManifest.xml:26:25-66
category#android.intent.category.LAUNCHER
ADDED from src\main\AndroidManifest.xml:27:17-77
	android:name
		ADDED from src\main\AndroidManifest.xml:27:27-74
activity#com.alarmclocksnoozers.runnershigh.HighScoreForm
ADDED from src\main\AndroidManifest.xml:30:9-32:77
	android:screenOrientation
		ADDED from src\main\AndroidManifest.xml:31:13-50
	android:theme
		ADDED from src\main\AndroidManifest.xml:32:7-65
	android:name
		ADDED from src\main\AndroidManifest.xml:30:19-48
activity#com.alarmclocksnoozers.runnershigh.Info
ADDED from src\main\AndroidManifest.xml:33:3-35:78
	android:screenOrientation
		ADDED from src\main\AndroidManifest.xml:34:7-44
	android:theme
		ADDED from src\main\AndroidManifest.xml:35:7-65
	android:name
		ADDED from src\main\AndroidManifest.xml:33:13-33
uses-permission#android.permission.WAKE_LOCK
ADDED from src\main\AndroidManifest.xml:37:2-65
	android:name
		ADDED from src\main\AndroidManifest.xml:37:19-62
uses-permission#android.permission.INTERNET
ADDED from src\main\AndroidManifest.xml:38:2-64
	android:name
		ADDED from src\main\AndroidManifest.xml:38:19-61
uses-permission#android.permission.ACCESS_NETWORK_STATE
ADDED from src\main\AndroidManifest.xml:39:2-76
	android:name
		ADDED from src\main\AndroidManifest.xml:39:19-73
uses-sdk
INJECTED from src\main\AndroidManifest.xml reason: use-sdk injection requested
INJECTED from src\main\AndroidManifest.xml
INJECTED from src\main\AndroidManifest.xml
INJECTED from src\main\AndroidManifest.xml
INJECTED from src\main\AndroidManifest.xml
	android:targetSdkVersion
		INJECTED from src\main\AndroidManifest.xml
		ADDED from src\main\AndroidManifest.xml
		INJECTED from src\main\AndroidManifest.xml
	android:minSdkVersion
		INJECTED from src\main\AndroidManifest.xml
		ADDED from src\main\AndroidManifest.xml
		INJECTED from src\main\AndroidManifest.xml